<?xml version="1.0" encoding="UTF-8"?>
<robot generator="Robot 7.0 (Python 3.12.1 on win32)" generated="2024-01-18T12:26:18.362474" rpa="false" schemaversion="5">
<suite id="s1" name="Calculatrice" source="C:\SB-TEMP\poec antibes\14 - robot framwork\robotFrame\robot\calculatrice.robot">
<test id="s1-t1" name="Addition Test" line="5">
<kw name="Addition" owner="calculatrice">
<msg time="2024-01-18T12:26:18.376498" level="INFO">${result} = 8.0</msg>
<var>${result}</var>
<arg>5</arg>
<arg>3</arg>
<status status="PASS" start="2024-01-18T12:26:18.376498" elapsed="0.000000"/>
</kw>
<kw name="Should Be Equal As Numbers" owner="BuiltIn">
<msg time="2024-01-18T12:26:18.377482" level="INFO">Argument types are:
&lt;class 'float'&gt;
&lt;class 'str'&gt;</msg>
<arg>${result}</arg>
<arg>8</arg>
<doc>Fails if objects are unequal after converting them to real numbers.</doc>
<status status="PASS" start="2024-01-18T12:26:18.377482" elapsed="0.000000"/>
</kw>
<doc>test d'addition</doc>
<status status="PASS" start="2024-01-18T12:26:18.376498" elapsed="0.000984"/>
</test>
<status status="PASS" start="2024-01-18T12:26:18.363477" elapsed="0.014998"/>
</suite>
<statistics>
<total>
<stat pass="1" fail="0" skip="0">All Tests</stat>
</total>
<tag>
</tag>
<suite>
<stat pass="1" fail="0" skip="0" id="s1" name="Calculatrice">Calculatrice</stat>
</suite>
</statistics>
<errors>
</errors>
</robot>
